#distance	             h	             g
0.000000	      2.000000	      0.000000
0.012350	      0.000000	      0.000000
0.024700	      0.000000	      0.000000
0.037050	      0.000000	      0.000000
0.049400	      0.000000	      0.000000
0.061750	      0.000000	      0.000000
0.074100	      0.000000	      0.000000
0.086450	      0.000000	      0.000000
0.098800	      0.000000	      0.000000
0.111150	      0.000000	      0.000000
0.123500	      0.000000	      0.000000
0.135850	      0.000000	      0.000000
0.148200	      0.000000	      0.000000
0.160550	      0.000000	      0.000000
0.172900	      0.000000	      0.000000
0.185250	      0.000000	      0.000000
0.197600	      0.000000	      0.000000
0.209950	      0.000000	      0.000000
0.222300	      0.000000	      0.000000
0.234650	      0.000000	      0.000000
0.247000	      0.000000	      0.000000
0.259350	      0.000000	      0.000000
0.271700	      0.000000	      0.000000
0.284050	      0.000000	      0.000000
0.296400	      0.000000	      0.000000
0.308750	      0.000000	      0.000000
0.321100	      0.000000	      0.000000
0.333450	      0.000000	      0.000000
0.345800	      0.000000	      0.000000
0.358150	      0.000000	      0.000000
0.370500	      0.000000	      0.000000
0.382850	      0.000000	      0.000000
0.395200	      0.000000	      0.000000
0.407550	      0.000000	      0.000000
0.419900	      0.000000	      0.000000
0.432250	      0.000000	      0.000000
0.444600	      0.000000	      0.000000
0.456950	      0.000000	      0.000000
0.469300	      0.000000	      0.000000
0.481650	      0.000000	      0.000000
0.494000	      0.000000	      0.000000
0.506350	      0.000000	      0.000000
0.518700	      0.000000	      0.000000
0.531050	      0.000000	      0.000000
0.543400	      0.000000	      0.000000
0.555750	      0.000000	      0.000000
0.568100	      0.000000	      0.000000
0.580450	      0.000000	      0.000000
0.592800	      0.000000	      0.000000
0.605150	      0.000000	      0.000000
0.617500	      0.000000	      0.000000
0.629850	      0.000000	      0.000000
0.642200	      0.000000	      0.000000
0.654550	      0.000000	      0.000000
0.666900	      0.000000	      0.000000
0.679250	      0.000000	      0.000000
0.691600	      0.000000	      0.000000
0.703950	      0.000000	      0.000000
0.716300	      0.000000	      0.000000
0.728650	      0.000000	      0.000000
0.741000	      0.000000	      0.000000
0.753350	      0.000000	      0.000000
0.765700	      0.000000	      0.000000
0.778050	      0.000000	      0.000000
0.790400	      0.000000	      0.000000
0.802750	      0.000000	      0.000000
0.815100	      0.000000	      0.000000
0.827450	      0.000000	      0.000000
0.839800	      0.000000	      0.000000
0.852150	      0.000000	      0.000000
0.864500	      0.000000	      0.000000
0.876850	      0.000000	      0.000000
0.889200	      0.000000	      0.000000
0.901550	      0.000000	      0.000000
0.913900	      0.000000	      0.000000
0.926250	      0.000000	      0.000000
0.938600	      0.000000	      0.000000
0.950950	      0.000000	      0.000000
0.963300	      0.000000	      0.000000
0.975650	      0.000000	      0.000000
0.988000	      0.000000	      0.000000
1.000350	      0.000000	      0.000000
1.012700	      0.000000	      0.000000
1.025050	      0.000000	      0.000000
1.037400	      0.000000	      0.000000
1.049750	      0.000000	      0.000000
1.062100	      0.000000	      0.000000
1.074450	      0.000000	      0.000000
1.086800	      0.000000	      0.000000
1.099150	      0.000000	      0.000000
1.111500	      0.000000	      0.000000
1.123850	      0.000000	      0.000000
1.136200	      0.000000	      0.000000
1.148550	      0.000000	      0.000000
1.160900	      0.000000	      0.000000
1.173250	      0.000000	      0.000000
1.185600	      0.000000	      0.000000
1.197950	      0.000000	      0.000000
1.210300	      0.000000	      0.000000
1.222650	      0.000000	      0.000000
1.235000	      0.000000	      0.000000
1.247350	      0.000000	      0.000000
1.259700	      0.000000	      0.000000
1.272050	      0.000000	      0.000000
1.284400	      0.000000	      0.000000
1.296750	      0.000000	      0.000000
1.309100	      0.000000	      0.000000
1.321450	      0.000000	      0.000000
1.333800	      0.000000	      0.000000
1.346150	      0.000000	      0.000000
1.358500	      0.000000	      0.000000
1.370850	      2.000000	      0.000103
1.383200	      2.000000	      0.000101
1.395550	      2.000000	      0.000099
1.407900	      0.000000	      0.000000
1.420250	     10.000000	      0.000478
1.432600	      6.000000	      0.000282
1.444950	     12.000000	      0.000554
1.457300	     14.000000	      0.000635
1.469650	     22.000000	      0.000982
1.482000	     34.000000	      0.001492
1.494350	     38.000000	      0.001640
1.506700	     32.000000	      0.001358
1.519050	     44.000000	      0.001837
1.531400	     38.000000	      0.001561
1.543750	     74.000000	      0.002991
1.556100	     76.000000	      0.003023
1.568450	    116.000000	      0.004542
1.580800	     86.000000	      0.003315
1.593150	     80.000000	      0.003036
1.605500	    108.000000	      0.004035
1.617850	    106.000000	      0.003900
1.630200	    108.000000	      0.003913
1.642550	     88.000000	      0.003141
1.654900	     80.000000	      0.002812
1.667250	    108.000000	      0.003741
1.679600	     68.000000	      0.002321
1.691950	     86.000000	      0.002892
1.704300	     64.000000	      0.002121
1.716650	     80.000000	      0.002613
1.729000	     96.000000	      0.003091
1.741350	     38.000000	      0.001206
1.753700	     74.000000	      0.002316
1.766050	     50.000000	      0.001543
1.778400	     46.000000	      0.001400
1.790750	     40.000000	      0.001200
1.803100	     52.000000	      0.001539
1.815450	     36.000000	      0.001051
1.827800	     38.000000	      0.001094
1.840150	     32.000000	      0.000909
1.852500	     22.000000	      0.000617
1.864850	     20.000000	      0.000553
1.877200	     12.000000	      0.000328
1.889550	     20.000000	      0.000539
1.901900	     18.000000	      0.000479
1.914250	     24.000000	      0.000630
1.926600	     22.000000	      0.000570
1.938950	     12.000000	      0.000307
1.951300	     12.000000	      0.000303
1.963650	     20.000000	      0.000499
1.976000	     14.000000	      0.000345
1.988350	      8.000000	      0.000195
2.000700	     12.000000	      0.000288
2.013050	     16.000000	      0.000380
2.025400	      8.000000	      0.000188
2.037750	      6.000000	      0.000139
2.050100	      2.000000	      0.000046
2.062450	      8.000000	      0.000181
2.074800	      6.000000	      0.000134
2.087150	      2.000000	      0.000044
2.099500	      8.000000	      0.000174
2.111850	      4.000000	      0.000086
2.124200	      6.000000	      0.000128
2.136550	      6.000000	      0.000126
2.148900	      8.000000	      0.000167
2.161250	     12.000000	      0.000247
2.173600	      8.000000	      0.000163
2.185950	      6.000000	      0.000121
2.198300	     10.000000	      0.000199
2.210650	      6.000000	      0.000118
2.223000	     16.000000	      0.000311
2.235350	     10.000000	      0.000192
2.247700	     12.000000	      0.000228
2.260050	     18.000000	      0.000339
2.272400	     10.000000	      0.000186
2.284750	     18.000000	      0.000331
2.297100	     36.000000	      0.000655
2.309450	     12.000000	      0.000216
2.321800	     28.000000	      0.000499
2.334150	     30.000000	      0.000529
2.346500	     26.000000	      0.000454
2.358850	     58.000000	      0.001001
2.371200	     26.000000	      0.000444
2.383550	     30.000000	      0.000507
2.395900	     28.000000	      0.000469
2.408250	     40.000000	      0.000662
2.420600	     38.000000	      0.000623
2.432950	     62.000000	      0.001006
2.445300	     58.000000	      0.000932
2.457650	     54.000000	      0.000859
2.470000	     42.000000	      0.000661
2.482350	     34.000000	      0.000530
2.494700	     48.000000	      0.000741
2.507050	     70.000000	      0.001070
2.519400	     48.000000	      0.000726
2.531750	     64.000000	      0.000959
2.544100	     56.000000	      0.000831
2.556450	     52.000000	      0.000764
2.568800	     96.000000	      0.001397
2.581150	     72.000000	      0.001038
2.593500	     68.000000	      0.000971
2.605850	     58.000000	      0.000820
2.618200	     78.000000	      0.001093
2.630550	     84.000000	      0.001166
2.642900	     72.000000	      0.000990
2.655250	     68.000000	      0.000926
2.667600	     88.000000	      0.001187
2.679950	     70.000000	      0.000936
2.692300	     78.000000	      0.001033
2.704650	     96.000000	      0.001260
2.717000	     84.000000	      0.001092
2.729350	     90.000000	      0.001160
2.741700	     88.000000	      0.001124
2.754050	     76.000000	      0.000962
2.766400	     72.000000	      0.000903
2.778750	     74.000000	      0.000920
2.791100	     82.000000	      0.001010
2.803450	     84.000000	      0.001026
2.815800	    106.000000	      0.001283
2.828150	     62.000000	      0.000744
2.840500	     88.000000	      0.001047
2.852850	    102.000000	      0.001203
2.865200	     92.000000	      0.001076
2.877550	     84.000000	      0.000974
2.889900	     62.000000	      0.000712
2.902250	     74.000000	      0.000843
2.914600	     78.000000	      0.000881
2.926950	     74.000000	      0.000829
2.939300	     76.000000	      0.000844
2.951650	     78.000000	      0.000859
2.964000	     86.000000	      0.000939
2.976350	     46.000000	      0.000498
2.988700	     76.000000	      0.000816
3.001050	     62.000000	      0.000661
3.013400	     60.000000	      0.000634
3.025750	     84.000000	      0.000880
3.038100	     98.000000	      0.001019
3.050450	     72.000000	      0.000742
3.062800	     90.000000	      0.000921
3.075150	     70.000000	      0.000710
3.087500	     74.000000	      0.000745
3.099850	     62.000000	      0.000619
3.112200	     98.000000	      0.000971
3.124550	     62.000000	      0.000609
3.136900	     86.000000	      0.000838
3.149250	     78.000000	      0.000755
3.161600	     84.000000	      0.000806
3.173950	     66.000000	      0.000629
3.186300	     74.000000	      0.000699
3.198650	     78.000000	      0.000731
3.211000	    110.000000	      0.001023
3.223350	     82.000000	      0.000757
3.235700	     68.000000	      0.000623
3.248050	     68.000000	      0.000618
3.260400	     90.000000	      0.000812
3.272750	     62.000000	      0.000555
3.285100	     74.000000	      0.000658
3.297450	     62.000000	      0.000547
3.309800	     78.000000	      0.000683
3.322150	     74.000000	      0.000643
3.334500	     80.000000	      0.000690
3.346850	     72.000000	      0.000617
3.359200	     62.000000	      0.000527
3.371550	     66.000000	      0.000557
3.383900	     68.000000	      0.000570
3.396250	     82.000000	      0.000682
3.408600	     78.000000	      0.000644
3.420950	     60.000000	      0.000492
3.433300	     72.000000	      0.000586
3.445650	     78.000000	      0.000630
3.458000	     60.000000	      0.000481
3.470350	     80.000000	      0.000637
3.482700	     82.000000	      0.000648
3.495050	     74.000000	      0.000581
3.507400	     82.000000	      0.000639
3.519750	    104.000000	      0.000805
3.532100	     62.000000	      0.000477
3.544450	     96.000000	      0.000733
3.556800	     82.000000	      0.000622
3.569150	     90.000000	      0.000678
3.581500	    104.000000	      0.000777
3.593850	     96.000000	      0.000713
3.606200	     84.000000	      0.000619
3.618550	     78.000000	      0.000571
3.630900	     74.000000	      0.000538
3.643250	    116.000000	      0.000838
3.655600	    114.000000	      0.000818
3.667950	    116.000000	      0.000827
3.680300	    124.000000	      0.000878
3.692650	     88.000000	      0.000619
3.705000	     98.000000	      0.000685
3.717350	    118.000000	      0.000819
3.729700	     88.000000	      0.000607
3.742050	     98.000000	      0.000671
3.754400	     98.000000	      0.000667
3.766750	     86.000000	      0.000581
3.779100	     82.000000	      0.000550
3.791450	    112.000000	      0.000747
3.803800	     96.000000	      0.000636
3.816150	    104.000000	      0.000685
3.828500	    100.000000	      0.000654
3.840850	    140.000000	      0.000910
3.853200	    128.000000	      0.000827
3.865550	    112.000000	      0.000719
3.877900	    138.000000	      0.000880
3.890250	    126.000000	      0.000798
3.902600	    130.000000	      0.000818
3.914950	    144.000000	      0.000901
3.927300	    104.000000	      0.000646
3.939650	    114.000000	      0.000704
3.952000	    160.000000	      0.000982
3.964350	    124.000000	      0.000756
3.976700	    130.000000	      0.000788
3.989050	    122.000000	      0.000735
4.001400	    116.000000	      0.000694
4.013750	    150.000000	      0.000893
4.026100	    162.000000	      0.000958
4.038450	    192.000000	      0.001128
4.050800	    120.000000	      0.000701
4.063150	    134.000000	      0.000778
4.075500	    154.000000	      0.000889
4.087850	    146.000000	      0.000837
4.100200	    132.000000	      0.000753
4.112550	    138.000000	      0.000782
4.124900	    174.000000	      0.000980
4.137250	    158.000000	      0.000885
4.149600	    172.000000	      0.000957
4.161950	    174.000000	      0.000963
4.174300	    146.000000	      0.000803
4.186650	    130.000000	      0.000711
4.199000	    148.000000	      0.000805
4.211350	    142.000000	      0.000767
4.223700	    146.000000	      0.000784
4.236050	    128.000000	      0.000684
4.248400	    172.000000	      0.000913
4.260750	    152.000000	      0.000802
4.273100	    166.000000	      0.000871
4.285450	    156.000000	      0.000814
4.297800	    110.000000	      0.000571
4.310150	    148.000000	      0.000764
4.322500	    168.000000	      0.000862
4.334850	    188.000000	      0.000959
4.347200	    152.000000	      0.000771
4.359550	    170.000000	      0.000857
4.371900	    178.000000	      0.000892
4.384250	    182.000000	      0.000907
4.396600	    172.000000	      0.000853
4.408950	    162.000000	      0.000799
4.421300	    122.000000	      0.000598
4.433650	    164.000000	      0.000800
4.446000	    152.000000	      0.000737
4.458350	    168.000000	      0.000810
4.470700	    208.000000	      0.000997
4.483050	    178.000000	      0.000849
4.495400	    150.000000	      0.000711
4.507750	    160.000000	      0.000755
4.520100	    148.000000	      0.000694
4.532450	    178.000000	      0.000830
4.544800	    186.000000	      0.000863
4.557150	    166.000000	      0.000766
4.569500	    160.000000	      0.000734
4.581850	    166.000000	      0.000758
4.594200	    172.000000	      0.000781
4.606550	    170.000000	      0.000768
4.618900	    170.000000	      0.000764
4.631250	    170.000000	      0.000759
4.643600	    186.000000	      0.000827
4.655950	    182.000000	      0.000804
4.668300	    170.000000	      0.000747
4.680650	    186.000000	      0.000813
4.693000	    188.000000	      0.000818
4.705350	    160.000000	      0.000692
4.717700	    182.000000	      0.000784
4.730050	    196.000000	      0.000839
4.742400	    178.000000	      0.000758
4.754750	    176.000000	      0.000746
4.767100	    180.000000	      0.000759
4.779450	    210.000000	      0.000881
4.791800	    152.000000	      0.000634
4.804150	    182.000000	      0.000756
4.816500	    200.000000	      0.000826
4.828850	    198.000000	      0.000814
4.841200	    186.000000	      0.000760
4.853550	    214.000000	      0.000870
4.865900	    200.000000	      0.000809
4.878250	    196.000000	      0.000789
4.890600	    168.000000	      0.000673
4.902950	    206.000000	      0.000821
4.915300	    238.000000	      0.000944
4.927650	    182.000000	      0.000718
4.940000	    170.000000	      0.000667
4.952350	    184.000000	      0.000719
4.964700	    202.000000	      0.000785
4.977050	    212.000000	      0.000820
4.989400	    164.000000	      0.000631
5.001750	    238.000000	      0.000911
5.014100	    192.000000	      0.000732
5.026450	    200.000000	      0.000758
5.038800	    162.000000	      0.000611
5.051150	    212.000000	      0.000796
5.063500	    208.000000	      0.000777
5.075850	    186.000000	      0.000692
5.088200	    204.000000	      0.000755
5.100550	    214.000000	      0.000788
5.112900	    224.000000	      0.000821
5.125250	    196.000000	      0.000715
5.137600	    242.000000	      0.000878
5.149950	    202.000000	      0.000730
5.162300	    216.000000	      0.000776
5.174650	    184.000000	      0.000658
5.187000	    242.000000	      0.000862
5.199350	    228.000000	      0.000808
5.211700	    188.000000	      0.000663
5.224050	    206.000000	      0.000723
5.236400	    216.000000	      0.000755
5.248750	    212.000000	      0.000737
5.261100	    212.000000	      0.000734
5.273450	    198.000000	      0.000682
5.285800	    206.000000	      0.000706
5.298150	    222.000000	      0.000758
5.310500	    204.000000	      0.000693
5.322850	    204.000000	      0.000690
5.335200	    222.000000	      0.000747
5.347550	    186.000000	      0.000623
5.359900	    188.000000	      0.000627
5.372250	    226.000000	      0.000750
5.384600	    238.000000	      0.000786
5.396950	    180.000000	      0.000592
5.409300	    236.000000	      0.000773
5.421650	    228.000000	      0.000743
5.434000	    230.000000	      0.000746
5.446350	    230.000000	      0.000743
5.458700	    228.000000	      0.000733
5.471050	    218.000000	      0.000698
5.483400	    266.000000	      0.000847
5.495750	    244.000000	      0.000774
5.508100	    202.000000	      0.000638
5.520450	    194.000000	      0.000610
5.532800	    234.000000	      0.000732
5.545150	    246.000000	      0.000766
5.557500	    236.000000	      0.000732
5.569850	    238.000000	      0.000735
5.582200	    188.000000	      0.000578
5.594550	    236.000000	      0.000722
5.606900	    248.000000	      0.000756
5.619250	    232.000000	      0.000704
5.631600	    240.000000	      0.000725
5.643950	    258.000000	      0.000776
5.656300	    242.000000	      0.000724
5.668650	    204.000000	      0.000608
5.681000	    220.000000	      0.000653
5.693350	    218.000000	      0.000644
5.705700	    250.000000	      0.000735
5.718050	    224.000000	      0.000656
5.730400	    222.000000	      0.000647
5.742750	    178.000000	      0.000517
5.755100	    208.000000	      0.000601
5.767450	    224.000000	      0.000645
5.779800	    232.000000	      0.000665
5.792150	    228.000000	      0.000651
5.804500	    238.000000	      0.000676
5.816850	    246.000000	      0.000696
5.829200	    218.000000	      0.000614
5.841550	    254.000000	      0.000713
5.853900	    234.000000	      0.000654
5.866250	    254.000000	      0.000707
5.878600	    222.000000	      0.000615
5.890950	    272.000000	      0.000751
5.903300	    230.000000	      0.000632
5.915650	    238.000000	      0.000651
5.928000	    224.000000	      0.000610
5.940350	    242.000000	      0.000657
5.952700	    240.000000	      0.000649
5.965050	    276.000000	      0.000743
5.977400	    268.000000	      0.000718
5.989750	    260.000000	      0.000694
6.002100	    256.000000	      0.000680
6.014450	    268.000000	      0.000709
6.026800	    278.000000	      0.000733
6.039150	    270.000000	      0.000709
6.051500	    268.000000	      0.000701
6.063850	    252.000000	      0.000656
6.076200	    282.000000	      0.000731
6.088550	    234.000000	      0.000604
6.100900	    248.000000	      0.000638
6.113250	    234.000000	      0.000600
6.125600	    238.000000	      0.000607
6.137950	    216.000000	      0.000549
6.150300	    246.000000	      0.000623
6.162650	    280.000000	      0.000706
6.175000	    282.000000	      0.000708
6.187350	    286.000000	      0.000715
6.199700	    312.000000	      0.000777
6.212050	    266.000000	      0.000660
6.224400	    268.000000	      0.000662
6.236750	    232.000000	      0.000571
6.249100	    264.000000	      0.000647
6.261450	    274.000000	      0.000669
6.273800	    282.000000	      0.000686
6.286150	    316.000000	      0.000766
6.298500	    256.000000	      0.000618
6.310850	    248.000000	      0.000596
6.323200	    272.000000	      0.000651
6.335550	    294.000000	      0.000701
6.347900	    248.000000	      0.000589
6.360250	    294.000000	      0.000696
6.372600	    300.000000	      0.000707
6.384950	    260.000000	      0.000611
6.397300	    238.000000	      0.000557
6.409650	    280.000000	      0.000653
6.422000	    274.000000	      0.000636
6.434350	    288.000000	      0.000666
6.446700	    288.000000	      0.000664
6.459050	    242.000000	      0.000555
6.471400	    266.000000	      0.000608
6.483750	    282.000000	      0.000642
6.496100	    296.000000	      0.000672
6.508450	    266.000000	      0.000601
6.520800	    310.000000	      0.000698
6.533150	    268.000000	      0.000601
6.545500	    278.000000	      0.000621
6.557850	    318.000000	      0.000708
6.570200	    310.000000	      0.000688
6.582550	    336.000000	      0.000742
6.594900	    296.000000	      0.000652
6.607250	    288.000000	      0.000632
6.619600	    262.000000	      0.000572
6.631950	    282.000000	      0.000614
6.644300	    274.000000	      0.000594
6.656650	    332.000000	      0.000717
6.669000	    284.000000	      0.000611
6.681350	    296.000000	      0.000635
6.693700	    282.000000	      0.000603
6.706050	    276.000000	      0.000588
6.718400	    290.000000	      0.000615
6.730750	    278.000000	      0.000588
6.743100	    280.000000	      0.000590
6.755450	    318.000000	      0.000667
6.767800	    298.000000	      0.000623
6.780150	    326.000000	      0.000679
6.792500	    350.000000	      0.000726
6.804850	    338.000000	      0.000699
6.817200	    300.000000	      0.000618
6.829550	    332.000000	      0.000681
6.841900	    314.000000	      0.000642
6.854250	    334.000000	      0.000681
6.866600	    306.000000	      0.000621
6.878950	    314.000000	      0.000635
6.891300	    298.000000	      0.000601
6.903650	    330.000000	      0.000663
6.916000	    276.000000	      0.000552
6.928350	    298.000000	      0.000594
6.940700	    288.000000	      0.000572
6.953050	    296.000000	      0.000586
6.965400	    322.000000	      0.000635
6.977750	    340.000000	      0.000669
6.990100	    324.000000	      0.000635
7.002450	    334.000000	      0.000652
7.014800	    334.000000	      0.000650
7.027150	    322.000000	      0.000624
7.039500	    302.000000	      0.000583
7.051850	    330.000000	      0.000635
7.064200	    324.000000	      0.000622
7.076550	    324.000000	      0.000619
7.088900	    382.000000	      0.000728
7.101250	    388.000000	      0.000737
7.113600	    300.000000	      0.000568
7.125950	    322.000000	      0.000607
7.138300	    336.000000	      0.000631
7.150650	    338.000000	      0.000633
7.163000	    334.000000	      0.000623
7.175350	    280.000000	      0.000521
7.187700	    390.000000	      0.000723
7.200050	    336.000000	      0.000620
7.212400	    314.000000	      0.000578
7.224750	    314.000000	      0.000576
7.237100	    278.000000	      0.000508
7.249450	    354.000000	      0.000645
7.261800	    318.000000	      0.000577
7.274150	    326.000000	      0.000590
7.286500	    376.000000	      0.000678
7.298850	    336.000000	      0.000604
7.311200	    366.000000	      0.000655
7.323550	    336.000000	      0.000600
7.335900	    396.000000	      0.000704
7.348250	    400.000000	      0.000709
7.360600	    370.000000	      0.000654
7.372950	    294.000000	      0.000518
7.385300	    354.000000	      0.000621
7.397650	    344.000000	      0.000602
7.410000	    334.000000	      0.000582
7.422350	    322.000000	      0.000559
7.434700	    366.000000	      0.000634
7.447050	    348.000000	      0.000601
7.459400	    344.000000	      0.000592
7.471750	    384.000000	      0.000658
7.484100	    394.000000	      0.000673
7.496450	    382.000000	      0.000651
7.508800	    388.000000	      0.000659
7.521150	    296.000000	      0.000501
7.533500	    380.000000	      0.000641
7.545850	    340.000000	      0.000572
7.558200	    340.000000	      0.000570
7.570550	    372.000000	      0.000621
7.582900	    386.000000	      0.000643
7.595250	    376.000000	      0.000624
7.607600	    382.000000	      0.000632
7.619950	    384.000000	      0.000633
7.632300	    368.000000	      0.000605
7.644650	    392.000000	      0.000642
7.657000	    378.000000	      0.000617
7.669350	    384.000000	      0.000625
7.681700	    404.000000	      0.000655
7.694050	    330.000000	      0.000534
7.706400	    400.000000	      0.000645
7.718750	    404.000000	      0.000649
7.731100	    376.000000	      0.000602
7.743450	    380.000000	      0.000607
7.755800	    388.000000	      0.000617
7.768150	    418.000000	      0.000663
7.780500	    436.000000	      0.000689
7.792850	    394.000000	      0.000621
7.805200	    378.000000	      0.000594
7.817550	    338.000000	      0.000529
7.829900	    376.000000	      0.000587
7.842250	    414.000000	      0.000644
7.854600	    384.000000	      0.000596
7.866950	    364.000000	      0.000563
7.879300	    382.000000	      0.000589
7.891650	    338.000000	      0.000519
7.904000	    370.000000	      0.000567
7.916350	    350.000000	      0.000535
7.928700	    436.000000	      0.000664
7.941050	    374.000000	      0.000568
7.953400	    390.000000	      0.000590
7.965750	    348.000000	      0.000525
7.978100	    428.000000	      0.000644
7.990450	    360.000000	      0.000540
8.002800	    388.000000	      0.000580
8.015150	    366.000000	      0.000545
8.027500	    420.000000	      0.000624
8.039850	    384.000000	      0.000569
8.052200	    428.000000	      0.000632
8.064550	    390.000000	      0.000574
8.076900	    418.000000	      0.000613
8.089250	    394.000000	      0.000576
8.101600	    380.000000	      0.000554
8.113950	    398.000000	      0.000579
8.126300	    416.000000	      0.000603
8.138650	    380.000000	      0.000549
8.151000	    388.000000	      0.000559
8.163350	    418.000000	      0.000600
8.175700	    396.000000	      0.000567
8.188050	    414.000000	      0.000591
8.200400	    434.000000	      0.000618
8.212750	    398.000000	      0.000565
8.225100	    420.000000	      0.000594
8.237450	    442.000000	      0.000623
8.249800	    396.000000	      0.000557
8.262150	    440.000000	      0.000617
8.274500	    368.000000	      0.000514
8.286850	    416.000000	      0.000580
8.299200	    436.000000	      0.000606
8.311550	    406.000000	      0.000562
8.323900	    382.000000	      0.000528
8.336250	    406.000000	      0.000559
8.348600	    424.000000	      0.000582
8.360950	    406.000000	      0.000556
8.373300	    398.000000	      0.000543
8.385650	    468.000000	      0.000637
8.398000	    430.000000	      0.000584
8.410350	    410.000000	      0.000555
8.422700	    464.000000	      0.000626
8.435050	    468.000000	      0.000630
8.447400	    380.000000	      0.000510
8.459750	    376.000000	      0.000503
8.472100	    454.000000	      0.000605
8.484450	    468.000000	      0.000622
8.496800	    440.000000	      0.000583
8.509150	    486.000000	      0.000642
8.521500	    404.000000	      0.000532
8.533850	    430.000000	      0.000565
8.546200	    404.000000	      0.000529
8.558550	    458.000000	      0.000598
8.570900	    410.000000	      0.000534
8.583250	    410.000000	      0.000533
8.595600	    444.000000	      0.000575
8.607950	    472.000000	      0.000610
8.620300	    382.000000	      0.000492
8.632650	    450.000000	      0.000578
8.645000	    438.000000	      0.000561
8.657350	    418.000000	      0.000534
8.669700	    398.000000	      0.000507
8.682050	    398.000000	      0.000505
8.694400	    478.000000	      0.000605
8.706750	    462.000000	      0.000583
8.719100	    390.000000	      0.000491
8.731450	    454.000000	      0.000570
8.743800	    424.000000	      0.000531
8.756150	    474.000000	      0.000592
8.768500	    446.000000	      0.000555
8.780850	    426.000000	      0.000529
8.793200	    480.000000	      0.000594
8.805550	    412.000000	      0.000508
8.817900	    474.000000	      0.000583
8.830250	    454.000000	      0.000557
8.842600	    432.000000	      0.000529
8.854950	    424.000000	      0.000517
8.867300	    456.000000	      0.000555
8.879650	    488.000000	      0.000592
8.892000	    480.000000	      0.000581
8.904350	    438.000000	      0.000529
8.916700	    456.000000	      0.000549
8.929050	    492.000000	      0.000591
8.941400	    410.000000	      0.000491
8.953750	    450.000000	      0.000537
8.966100	    484.000000	      0.000576
8.978450	    460.000000	      0.000546
8.990800	    470.000000	      0.000556
9.003150	    426.000000	      0.000503
9.015500	    478.000000	      0.000563
9.027850	    490.000000	      0.000575
9.040200	    500.000000	      0.000585
9.052550	    454.000000	      0.000530
9.064900	    428.000000	      0.000498
9.077250	    444.000000	      0.000516
9.089600	    440.000000	      0.000510
9.101950	    530.000000	      0.000612
9.114300	    548.000000	      0.000631
9.126650	    510.000000	      0.000586
9.139000	    464.000000	      0.000532
9.151350	    522.000000	      0.000596
9.163700	    454.000000	      0.000517
9.176050	    472.000000	      0.000536
9.188400	    500.000000	      0.000567
9.200750	    502.000000	      0.000567
9.213100	    476.000000	      0.000537
9.225450	    494.000000	      0.000555
9.237800	    418.000000	      0.000469
9.250150	    500.000000	      0.000559
9.262500	    496.000000	      0.000553
9.274850	    528.000000	      0.000587
9.287200	    476.000000	      0.000528
9.299550	    480.000000	      0.000531
9.311900	    472.000000	      0.000521
9.324250	    454.000000	      0.000500
9.336600	    478.000000	      0.000525
9.348950	    564.000000	      0.000617
9.361300	    494.000000	      0.000539
9.373650	    506.000000	      0.000551
9.386000	    476.000000	      0.000517
9.398350	    494.000000	      0.000535
9.410700	    548.000000	      0.000592
9.423050	    466.000000	      0.000502
9.435400	    488.000000	      0.000525
9.447750	    464.000000	      0.000497
9.460100	    428.000000	      0.000458
9.472450	    530.000000	      0.000565
9.484800	    468.000000	      0.000498
9.497150	    480.000000	      0.000509
9.509500	    510.000000	      0.000540
9.521850	    526.000000	      0.000555
9.534200	    520.000000	      0.000547
9.546550	    484.000000	      0.000508
9.558900	    510.000000	      0.000534
9.571250	    534.000000	      0.000558
9.583600	    514.000000	      0.000535
9.595950	    494.000000	      0.000513
9.608300	    478.000000	      0.000495
9.620650	    528.000000	      0.000546
9.633000	    474.000000	      0.000489
9.645350	    512.000000	      0.000527
9.657700	    534.000000	      0.000548
9.670050	    434.000000	      0.000444
9.682400	    590.000000	      0.000602
9.694750	    532.000000	      0.000542
9.707100	    464.000000	      0.000471
9.719450	    558.000000	      0.000565
9.731800	    502.000000	      0.000507
9.744150	    512.000000	      0.000516
9.756500	    468.000000	      0.000470
9.768850	    472.000000	      0.000473
9.781200	    506.000000	      0.000506
9.793550	    510.000000	      0.000509
9.805900	    480.000000	      0.000478
9.818250	    522.000000	      0.000518
9.830600	    542.000000	      0.000537
9.842950	    500.000000	      0.000494
9.855300	    550.000000	      0.000542
9.867650	    508.000000	      0.000499
9.880000	    548.000000	      0.000537
9.892350	    558.000000	      0.000546
9.904700	    514.000000	      0.000501
9.917050	    514.000000	      0.000500
9.929400	    526.000000	      0.000510
9.941750	    516.000000	      0.000500
9.954100	    472.000000	      0.000456
9.966450	    498.000000	      0.000480
9.978800	    498.000000	      0.000479
9.991150	    530.000000	      0.000508
10.003500	    502.000000	      0.000480
10.015850	    574.000000	      0.000547
10.028200	    550.000000	      0.000523
10.040550	    518.000000	      0.000492
10.052900	    484.000000	      0.000458
10.065250	    578.000000	      0.000546
10.077600	    502.000000	      0.000473
10.089950	    510.000000	      0.000479
10.102300	    538.000000	      0.000504
10.114650	    524.000000	      0.000490
10.127000	    568.000000	      0.000530
10.139350	    538.000000	      0.000501
10.151700	    512.000000	      0.000475
10.164050	    510.000000	      0.000472
10.176400	    492.000000	      0.000455
10.188750	    546.000000	      0.000503
10.201100	    592.000000	      0.000544
10.213450	    510.000000	      0.000468
10.225800	    498.000000	      0.000456
10.238150	    512.000000	      0.000467
10.250500	    532.000000	      0.000484
10.262850	    558.000000	      0.000507
10.275200	    540.000000	      0.000489
10.287550	    504.000000	      0.000456
10.299900	    536.000000	      0.000483
10.312250	    588.000000	      0.000529
10.324600	    546.000000	      0.000490
10.336950	    464.000000	      0.000415
10.349300	    540.000000	      0.000482
10.361650	    564.000000	      0.000503
10.374000	    540.000000	      0.000480
10.386350	    516.000000	      0.000458
10.398700	    530.000000	      0.000469
10.411050	    528.000000	      0.000466
10.423400	    572.000000	      0.000504
10.435750	    508.000000	      0.000446
10.448100	    620.000000	      0.000543
10.460450	    588.000000	      0.000514
10.472800	    526.000000	      0.000459
10.485150	    554.000000	      0.000482
10.497500	    514.000000	      0.000446
10.509850	    572.000000	      0.000495
10.522200	    574.000000	      0.000496
10.534550	    566.000000	      0.000488
10.546900	    524.000000	      0.000451
10.559250	    632.000000	      0.000542
10.571600	    618.000000	      0.000529
10.583950	    488.000000	      0.000417
10.596300	    566.000000	      0.000482
10.608650	    550.000000	      0.000468
10.621000	    534.000000	      0.000453
10.633350	    612.000000	      0.000518
10.645700	    530.000000	      0.000447
10.658050	    522.000000	      0.000440
10.670400	    586.000000	      0.000492
10.682750	    590.000000	      0.000495
10.695100	    548.000000	      0.000458
10.707450	    574.000000	      0.000479
10.719800	    584.000000	      0.000486
10.732150	    560.000000	      0.000465
10.744500	    542.000000	      0.000449
10.756850	    584.000000	      0.000483
10.769200	    592.000000	      0.000488
10.781550	    564.000000	      0.000464
10.793900	    514.000000	      0.000422
10.806250	    500.000000	      0.000410
10.818600	    524.000000	      0.000428
10.830950	    560.000000	      0.000457
10.843300	    558.000000	      0.000454
10.855650	    560.000000	      0.000455
10.868000	    598.000000	      0.000484
10.880350	    614.000000	      0.000496
10.892700	    572.000000	      0.000461
10.905050	    550.000000	      0.000442
10.917400	    574.000000	      0.000461
10.929750	    596.000000	      0.000477
10.942100	    544.000000	      0.000435
10.954450	    508.000000	      0.000405
10.966800	    586.000000	      0.000466
10.979150	    554.000000	      0.000440
10.991500	    608.000000	      0.000481
11.003850	    574.000000	      0.000454
11.016200	    506.000000	      0.000399
11.028550	    588.000000	      0.000463
11.040900	    578.000000	      0.000454
11.053250	    602.000000	      0.000471
11.065600	    610.000000	      0.000477
11.077950	    570.000000	      0.000444
11.090300	    572.000000	      0.000445
11.102650	    618.000000	      0.000480
11.115000	    536.000000	      0.000415
11.127350	    554.000000	      0.000428
11.139700	    566.000000	      0.000436
11.152050	    570.000000	      0.000438
11.164400	    578.000000	      0.000444
11.176750	    594.000000	      0.000455
11.189100	    652.000000	      0.000498
11.201450	    630.000000	      0.000480
11.213800	    542.000000	      0.000412
11.226150	    560.000000	      0.000425
11.238500	    618.000000	      0.000468
11.250850	    592.000000	      0.000447
11.263200	    642.000000	      0.000484
11.275550	    632.000000	      0.000476
11.287900	    540.000000	      0.000405
11.300250	    596.000000	      0.000447
11.312600	    572.000000	      0.000428
11.324950	    566.000000	      0.000422
11.337300	    600.000000	      0.000447
11.349650	    596.000000	      0.000443
11.362000	    620.000000	      0.000459
11.374350	    628.000000	      0.000464
11.386700	    590.000000	      0.000435
11.399050	    614.000000	      0.000452
11.411400	    602.000000	      0.000442
11.423750	    564.000000	      0.000413
11.436100	    712.000000	      0.000521
11.448450	    540.000000	      0.000394
11.460800	    664.000000	      0.000484
11.473150	    606.000000	      0.000440
11.485500	    592.000000	      0.000429
11.497850	    636.000000	      0.000460
11.510200	    578.000000	      0.000417
11.522550	    598.000000	      0.000431
11.534900	    614.000000	      0.000441
11.547250	    550.000000	      0.000395
11.559600	    598.000000	      0.000428
11.571950	    594.000000	      0.000424
11.584300	    638.000000	      0.000455
11.596650	    602.000000	      0.000428
11.609000	    598.000000	      0.000424
11.621350	    582.000000	      0.000412
11.633700	    624.000000	      0.000441
11.646050	    654.000000	      0.000461
11.658400	    634.000000	      0.000446
11.670750	    558.000000	      0.000392
11.683100	    614.000000	      0.000430
11.695450	    644.000000	      0.000450
11.707800	    614.000000	      0.000429
11.720150	    584.000000	      0.000407
11.732500	    634.000000	      0.000441
11.744850	    632.000000	      0.000438
11.757200	    612.000000	      0.000424
11.769550	    622.000000	      0.000430
11.781900	    698.000000	      0.000481
11.794250	    646.000000	      0.000444
11.806600	    654.000000	      0.000449
11.818950	    618.000000	      0.000423
11.831300	    628.000000	      0.000429
11.843650	    572.000000	      0.000390
11.856000	    642.000000	      0.000437
11.868350	    642.000000	      0.000436
11.880700	    620.000000	      0.000420
11.893050	    612.000000	      0.000414
11.905400	    620.000000	      0.000418
11.917750	    670.000000	      0.000451
11.930100	    658.000000	      0.000442
11.942450	    578.000000	      0.000388
11.954800	    622.000000	      0.000416
11.967150	    624.000000	      0.000417
11.979500	    588.000000	      0.000392
11.991850	    590.000000	      0.000392
12.004200	    666.000000	      0.000442
12.016550	    622.000000	      0.000412
12.028900	    618.000000	      0.000409
12.041250	    658.000000	      0.000434
12.053600	    664.000000	      0.000437
12.065950	    658.000000	      0.000432
12.078300	    660.000000	      0.000433
12.090650	    616.000000	      0.000403
12.103000	    700.000000	      0.000457
12.115350	    670.000000	      0.000437
12.127700	    592.000000	      0.000385
12.140050	    582.000000	      0.000378
12.152400	    620.000000	      0.000402
12.164750	    664.000000	      0.000429
12.177100	    584.000000	      0.000377
12.189450	    596.000000	      0.000384
12.201800	    632.000000	      0.000406
12.214150	    690.000000	      0.000442
12.226500	    620.000000	      0.000397
12.238850	    590.000000	      0.000377
12.251200	    664.000000	      0.000423
12.263550	    600.000000	      0.000382
12.275900	    674.000000	      0.000428
12.288250	    680.000000	      0.000431
12.300600	    628.000000	      0.000397
12.312950	    606.000000	      0.000382
12.325300	    704.000000	      0.000443
12.337650	    656.000000	      0.000412
