#distance	             h	             g
0.000000	      0.000000	      0.000000
0.012350	      0.000000	      0.000000
0.024700	      0.000000	      0.000000
0.037050	      0.000000	      0.000000
0.049400	      0.000000	      0.000000
0.061750	      0.000000	      0.000000
0.074100	      0.000000	      0.000000
0.086450	      0.000000	      0.000000
0.098800	      0.000000	      0.000000
0.111150	      0.000000	      0.000000
0.123500	      0.000000	      0.000000
0.135850	      0.000000	      0.000000
0.148200	      0.000000	      0.000000
0.160550	      0.000000	      0.000000
0.172900	      0.000000	      0.000000
0.185250	      0.000000	      0.000000
0.197600	      0.000000	      0.000000
0.209950	      0.000000	      0.000000
0.222300	      0.000000	      0.000000
0.234650	      0.000000	      0.000000
0.247000	      0.000000	      0.000000
0.259350	      0.000000	      0.000000
0.271700	      0.000000	      0.000000
0.284050	      0.000000	      0.000000
0.296400	      0.000000	      0.000000
0.308750	      0.000000	      0.000000
0.321100	      0.000000	      0.000000
0.333450	      0.000000	      0.000000
0.345800	      0.000000	      0.000000
0.358150	      0.000000	      0.000000
0.370500	      0.000000	      0.000000
0.382850	      0.000000	      0.000000
0.395200	      0.000000	      0.000000
0.407550	      0.000000	      0.000000
0.419900	      0.000000	      0.000000
0.432250	      0.000000	      0.000000
0.444600	      0.000000	      0.000000
0.456950	      0.000000	      0.000000
0.469300	      0.000000	      0.000000
0.481650	      0.000000	      0.000000
0.494000	      0.000000	      0.000000
0.506350	      0.000000	      0.000000
0.518700	      0.000000	      0.000000
0.531050	      0.000000	      0.000000
0.543400	      0.000000	      0.000000
0.555750	      0.000000	      0.000000
0.568100	      0.000000	      0.000000
0.580450	      0.000000	      0.000000
0.592800	      0.000000	      0.000000
0.605150	      0.000000	      0.000000
0.617500	      0.000000	      0.000000
0.629850	      0.000000	      0.000000
0.642200	      0.000000	      0.000000
0.654550	      0.000000	      0.000000
0.666900	      0.000000	      0.000000
0.679250	      0.000000	      0.000000
0.691600	      0.000000	      0.000000
0.703950	      0.000000	      0.000000
0.716300	      0.000000	      0.000000
0.728650	      0.000000	      0.000000
0.741000	      0.000000	      0.000000
0.753350	      0.000000	      0.000000
0.765700	      0.000000	      0.000000
0.778050	      0.000000	      0.000000
0.790400	      0.000000	      0.000000
0.802750	      0.000000	      0.000000
0.815100	      0.000000	      0.000000
0.827450	      0.000000	      0.000000
0.839800	      0.000000	      0.000000
0.852150	      0.000000	      0.000000
0.864500	      0.000000	      0.000000
0.876850	      0.000000	      0.000000
0.889200	      0.000000	      0.000000
0.901550	      0.000000	      0.000000
0.913900	      0.000000	      0.000000
0.926250	      0.000000	      0.000000
0.938600	      0.000000	      0.000000
0.950950	      0.000000	      0.000000
0.963300	      0.000000	      0.000000
0.975650	      0.000000	      0.000000
0.988000	      0.000000	      0.000000
1.000350	      0.000000	      0.000000
1.012700	      0.000000	      0.000000
1.025050	      0.000000	      0.000000
1.037400	      0.000000	      0.000000
1.049750	      0.000000	      0.000000
1.062100	      0.000000	      0.000000
1.074450	      0.000000	      0.000000
1.086800	      0.000000	      0.000000
1.099150	      0.000000	      0.000000
1.111500	      0.000000	      0.000000
1.123850	      0.000000	      0.000000
1.136200	      0.000000	      0.000000
1.148550	      0.000000	      0.000000
1.160900	      0.000000	      0.000000
1.173250	      0.000000	      0.000000
1.185600	      0.000000	      0.000000
1.197950	      0.000000	      0.000000
1.210300	      0.000000	      0.000000
1.222650	      0.000000	      0.000000
1.235000	      0.000000	      0.000000
1.247350	      0.000000	      0.000000
1.259700	      0.000000	      0.000000
1.272050	      0.000000	      0.000000
1.284400	      0.000000	      0.000000
1.296750	      0.000000	      0.000000
1.309100	      0.000000	      0.000000
1.321450	      0.000000	      0.000000
1.333800	      1.000000	      0.241726
1.346150	      0.000000	      0.000000
1.358500	      0.000000	      0.000000
1.370850	      1.000000	      0.228837
1.383200	      1.000000	      0.224769
1.395550	      2.000000	      0.441616
1.407900	      1.000000	      0.216951
1.420250	      5.000000	      1.065972
1.432600	      6.000000	      1.257207
1.444950	      9.000000	      1.853712
1.457300	      9.000000	      1.822427
1.469650	     14.000000	      2.787441
1.482000	     20.000000	      3.915967
1.494350	     20.000000	      3.851508
1.506700	     21.000000	      3.978059
1.519050	     29.000000	      5.404548
1.531400	     25.000000	      4.584249
1.543750	     43.000000	      7.759255
1.556100	     43.000000	      7.636581
1.568450	     62.000000	     10.838167
1.580800	     48.000000	      8.260244
1.593150	     46.000000	      7.793813
1.605500	     58.000000	      9.676379
1.617850	     57.000000	      9.364915
1.630200	     57.000000	      9.223560
1.642550	     48.000000	      7.650847
1.654900	     44.000000	      6.908991
1.667250	     59.000000	      9.127588
1.679600	     35.000000	      5.335336
1.691950	     48.000000	      7.210605
1.704300	     36.000000	      5.329861
1.716650	     42.000000	      6.129023
1.729000	     50.000000	      7.192593
1.741350	     22.000000	      3.120010
1.753700	     42.000000	      5.872786
1.766050	     28.000000	      3.860624
1.778400	     23.000000	      3.127335
1.790750	     22.000000	      2.950246
1.803100	     26.000000	      3.439056
1.815450	     20.000000	      2.609558
1.827800	     21.000000	      2.703133
1.840150	     17.000000	      2.158977
1.852500	     11.000000	      1.378421
1.864850	     11.000000	      1.360224
1.877200	      6.000000	      0.732210
1.889550	     13.000000	      1.565785
1.901900	     10.000000	      1.188858
1.914250	     14.000000	      1.642995
1.926600	     13.000000	      1.506141
1.938950	      7.000000	      0.800701
1.951300	      6.000000	      0.677655
1.963650	     12.000000	      1.338316
1.976000	      7.000000	      0.770956
1.988350	      4.000000	      0.435091
2.000700	      7.000000	      0.752038
2.013050	      7.000000	      0.742838
2.025400	      4.000000	      0.419318
2.037750	      3.000000	      0.310688
2.050100	      1.000000	      0.102319
2.062450	      3.000000	      0.303291
2.074800	      2.000000	      0.199794
2.087150	      1.000000	      0.098718
2.099500	      3.000000	      0.292681
2.111850	      2.000000	      0.192845
2.124200	      4.000000	      0.381219
2.136550	      3.000000	      0.282619
2.148900	      2.000000	      0.186253
2.161250	      2.000000	      0.184130
2.173600	      2.000000	      0.182044
2.185950	      1.000000	      0.089996
2.198300	      1.000000	      0.088988
2.210650	      2.000000	      0.175993
2.223000	      1.000000	      0.087021
2.235350	      2.000000	      0.172125
2.247700	      2.000000	      0.170239
2.260050	      3.000000	      0.252575
2.272400	      0.000000	      0.000000
2.284750	      2.000000	      0.164762
2.297100	      6.000000	      0.488987
2.309450	      1.000000	      0.080628
2.321800	      1.000000	      0.079773
2.334150	      2.000000	      0.157862
2.346500	      0.000000	      0.000000
2.358850	      3.000000	      0.231860
2.371200	      1.000000	      0.076484
2.383550	      0.000000	      0.000000
2.395900	      1.000000	      0.074915
2.408250	      0.000000	      0.000000
2.420600	      3.000000	      0.220181
2.432950	      3.000000	      0.217952
2.445300	      1.000000	      0.071919
2.457650	      1.000000	      0.071198
2.470000	      1.000000	      0.070487
2.482350	      2.000000	      0.139576
2.494700	      1.000000	      0.069099
2.507050	      3.000000	      0.205258
2.519400	      1.000000	      0.067750
2.531750	      1.000000	      0.067091
2.544100	      0.000000	      0.000000
2.556450	      4.000000	      0.263203
2.568800	      3.000000	      0.195509
2.581150	      4.000000	      0.258190
2.593500	      3.000000	      0.191802
2.605850	      2.000000	      0.126659
2.618200	      1.000000	      0.062734
2.630550	      3.000000	      0.186438
2.642900	      2.000000	      0.123133
2.655250	      1.000000	      0.060995
2.667600	      4.000000	      0.241726
2.679950	      0.000000	      0.000000
2.692300	      3.000000	      0.177984
2.704650	      2.000000	      0.117575
2.717000	      1.000000	      0.058254
2.729350	      3.000000	      0.173184
2.741700	      2.000000	      0.114418
2.754050	      2.000000	      0.113394
2.766400	      0.000000	      0.000000
2.778750	      1.000000	      0.055694
2.791100	      2.000000	      0.110404
2.803450	      7.000000	      0.383017
2.815800	      1.000000	      0.054238
2.828150	      1.000000	      0.053765
2.840500	      1.000000	      0.053299
2.852850	     14.000000	      0.739734
2.865200	      2.000000	      0.104767
2.877550	      8.000000	      0.415480
2.889900	      4.000000	      0.205968
2.902250	      6.000000	      0.306328
2.914600	      7.000000	      0.354361
2.926950	      9.000000	      0.451770
2.939300	      6.000000	      0.298654
2.951650	     10.000000	      0.493601
2.964000	     11.000000	      0.538446
2.976350	      7.000000	      0.339810
2.988700	      8.000000	      0.385151
3.001050	      5.000000	      0.238742
3.013400	      4.000000	      0.189431
3.025750	      8.000000	      0.375776
3.038100	     10.000000	      0.465909
3.050450	      8.000000	      0.369715
3.062800	     16.000000	      0.733480
3.075150	      7.000000	      0.318325
3.087500	     10.000000	      0.451119
3.099850	      8.000000	      0.358026
3.112200	     14.000000	      0.621582
3.124550	     12.000000	      0.528581
3.136900	     14.000000	      0.611832
3.149250	     10.000000	      0.433602
3.161600	      7.000000	      0.301155
3.173950	      4.000000	      0.170752
3.186300	     16.000000	      0.677723
3.198650	     16.000000	      0.672500
3.211000	     21.000000	      0.875879
3.223350	     22.000000	      0.910570
3.235700	     15.000000	      0.616113
3.248050	     16.000000	      0.652199
3.260400	     19.000000	      0.768630
3.272750	     12.000000	      0.481794
3.285100	     21.000000	      0.836811
3.297450	     16.000000	      0.632804
3.309800	     22.000000	      0.863624
3.322150	     13.000000	      0.506536
3.334500	     28.000000	      1.082934
3.346850	     21.000000	      0.806218
3.359200	     19.000000	      0.724081
3.371550	     19.000000	      0.718786
3.383900	     24.000000	      0.901326
3.396250	     22.000000	      0.820217
3.408600	     20.000000	      0.740259
3.420950	     22.000000	      0.808416
3.433300	     25.000000	      0.912057
3.445650	     28.000000	      1.014194
3.458000	     20.000000	      0.719259
3.470350	     30.000000	      1.071224
3.482700	     25.000000	      0.886367
3.495050	     25.000000	      0.880114
3.507400	     31.000000	      1.083669
3.519750	     32.000000	      1.110790
3.532100	     26.000000	      0.896216
3.544450	     32.000000	      1.095362
3.556800	     29.000000	      0.985790
3.569150	     36.000000	      1.215286
3.581500	     46.000000	      1.542174
3.593850	     41.000000	      1.365116
3.606200	     26.000000	      0.859764
3.618550	     35.000000	      1.149488
3.630900	     34.000000	      1.109062
3.643250	     47.000000	      1.522739
3.655600	     51.000000	      1.641188
3.667950	     47.000000	      1.502300
3.680300	     55.000000	      1.746231
3.692650	     36.000000	      1.135355
3.705000	     35.000000	      1.096471
3.717350	     49.000000	      1.524876
3.729700	     40.000000	      1.236567
3.742050	     39.000000	      1.197708
3.754400	     29.000000	      0.884754
3.766750	     35.000000	      1.060816
3.779100	     44.000000	      1.324895
3.791450	     37.000000	      1.106870
3.803800	     39.000000	      1.159137
3.816150	     36.000000	      1.063058
3.828500	     36.000000	      1.056211
3.840850	     62.000000	      1.807351
3.853200	     52.000000	      1.506141
3.865550	     48.000000	      1.381415
3.877900	     57.000000	      1.629998
3.890250	     54.000000	      1.534420
3.902600	     47.000000	      1.327074
3.914950	     65.000000	      1.823755
3.927300	     53.000000	      1.477724
3.939650	     48.000000	      1.329938
3.952000	     65.000000	      1.789720
3.964350	     61.000000	      1.669135
3.976700	     57.000000	      1.550011
3.989050	     50.000000	      1.351253
4.001400	     45.000000	      1.208632
4.013750	     56.000000	      1.494834
4.026100	     56.000000	      1.485677
4.038450	     68.000000	      1.793019
4.050800	     50.000000	      1.310370
4.063150	     60.000000	      1.562899
4.075500	     60.000000	      1.553442
4.087850	     52.000000	      1.338194
4.100200	     58.000000	      1.483622
4.112550	     64.000000	      1.627283
4.124900	     69.000000	      1.743925
4.137250	     59.000000	      1.482293
4.149600	     73.000000	      1.823123
4.161950	     66.000000	      1.638535
4.174300	     48.000000	      1.184621
4.186650	     71.000000	      1.741929
4.199000	     61.000000	      1.487797
4.211350	     54.000000	      1.309352
4.223700	     53.000000	      1.277601
4.236050	     57.000000	      1.366024
4.248400	     71.000000	      1.691660
4.260750	     51.000000	      1.208102
4.273100	     63.000000	      1.483747
4.285450	     68.000000	      1.592288
4.297800	     49.000000	      1.140799
4.310150	     64.000000	      1.481497
4.322500	     58.000000	      1.334945
4.334850	     59.000000	      1.350235
4.347200	     58.000000	      1.319819
4.359550	     60.000000	      1.357605
4.371900	     52.000000	      1.169953
4.384250	     61.000000	      1.364724
4.396600	     55.000000	      1.223585
4.408950	     47.000000	      1.039760
4.421300	     41.000000	      0.901964
4.433650	     57.000000	      1.246974
4.446000	     53.000000	      1.153035
4.458350	     52.000000	      1.125021
4.470700	     57.000000	      1.226392
4.483050	     49.000000	      1.048466
4.495400	     45.000000	      0.957594
4.507750	     41.000000	      0.867700
4.520100	     47.000000	      0.989253
4.532450	     54.000000	      1.130403
4.544800	     56.000000	      1.165907
4.557150	     57.000000	      1.180304
4.569500	     53.000000	      1.091551
4.581850	     40.000000	      0.819377
4.594200	     42.000000	      0.855727
4.606550	     46.000000	      0.932206
4.618900	     38.000000	      0.765970
4.631250	     53.000000	      1.062637
4.643600	     41.000000	      0.817673
4.655950	     47.000000	      0.932367
4.668300	     50.000000	      0.986638
4.680650	     42.000000	      0.824408
4.693000	     44.000000	      0.859126
4.705350	     33.000000	      0.640967
4.717700	     50.000000	      0.966084
4.730050	     40.000000	      0.768837
4.742400	     55.000000	      1.051651
4.754750	     42.000000	      0.798913
4.767100	     46.000000	      0.870472
4.779450	     48.000000	      0.903630
4.791800	     32.000000	      0.599319
4.804150	     44.000000	      0.819832
4.816500	     44.000000	      0.815633
4.828850	     47.000000	      0.866794
4.841200	     42.000000	      0.770635
4.853550	     47.000000	      0.857994
4.865900	     44.000000	      0.799156
4.878250	     42.000000	      0.758974
4.890600	     27.000000	      0.485451
4.902950	     39.000000	      0.697678
4.915300	     46.000000	      0.818773
4.927650	     39.000000	      0.690701
4.940000	     33.000000	      0.581521
4.952350	     36.000000	      0.631227
4.964700	     33.000000	      0.575749
4.977050	     40.000000	      0.694419
4.989400	     26.000000	      0.449140
5.001750	     63.000000	      1.082934
5.014100	     32.000000	      0.547355
5.026450	     34.000000	      0.578711
5.038800	     33.000000	      0.558940
5.051150	     57.000000	      0.960727
5.063500	     53.000000	      0.888955
5.075850	     38.000000	      0.634266
5.088200	     45.000000	      0.747463
5.100550	     50.000000	      0.826497
5.112900	     59.000000	      0.970561
5.125250	     54.000000	      0.884034
5.137600	     50.000000	      0.814620
5.149950	     53.000000	      0.859360
5.162300	     55.000000	      0.887527
5.174650	     57.000000	      0.915416
5.187000	     54.000000	      0.863111
5.199350	     51.000000	      0.811293
5.211700	     49.000000	      0.775787
5.224050	     54.000000	      0.850912
5.236400	     53.000000	      0.831220
5.248750	     54.000000	      0.842922
5.261100	     51.000000	      0.792360
5.273450	     56.000000	      0.865972
5.285800	     53.000000	      0.815755
5.298150	     66.000000	      1.011116
5.310500	     55.000000	      0.838682
5.322850	     52.000000	      0.789261
5.335200	     55.000000	      0.830934
5.347550	     48.000000	      0.721833
5.359900	     53.000000	      0.793356
5.372250	     62.000000	      0.923814
5.384600	     61.000000	      0.904750
5.396950	     40.000000	      0.590566
5.409300	     77.000000	      1.131655
5.421650	     62.000000	      0.907056
5.434000	     54.000000	      0.786430
5.446350	     62.000000	      0.898848
5.458700	     68.000000	      0.981377
5.471050	     59.000000	      0.847649
5.483400	     80.000000	      1.144183
5.495750	     61.000000	      0.868523
5.508100	     66.000000	      0.935504
5.520450	     61.000000	      0.860768
5.532800	     74.000000	      1.039555
5.545150	     68.000000	      0.951016
5.557500	     69.000000	      0.960717
5.569850	     68.000000	      0.942600
5.582200	     64.000000	      0.883232
5.594550	     57.000000	      0.783159
5.606900	     72.000000	      0.984901
5.619250	     76.000000	      1.035052
5.631600	     64.000000	      0.867804
5.643950	     83.000000	      1.120514
5.656300	     77.000000	      1.034979
5.668650	     71.000000	      0.950177
5.681000	     77.000000	      1.025998
5.693350	     75.000000	      0.995018
5.705700	     94.000000	      1.241697
5.718050	     66.000000	      0.868068
5.730400	     74.000000	      0.969097
5.742750	     73.000000	      0.951894
5.755100	     78.000000	      1.012732
5.767450	     89.000000	      1.150609
5.779800	     72.000000	      0.926856
5.792150	     68.000000	      0.871635
5.804500	     78.000000	      0.995567
5.816850	     73.000000	      0.927796
5.829200	     82.000000	      1.037771
5.841550	     90.000000	      1.134206
5.853900	     90.000000	      1.129425
5.866250	     91.000000	      1.137171
5.878600	     81.000000	      1.007959
5.890950	    108.000000	      1.338316
5.903300	     80.000000	      0.987201
5.915650	     96.000000	      1.179701
5.928000	     96.000000	      1.174790
5.940350	     81.000000	      0.987112
5.952700	     82.000000	      0.995156
5.965050	    105.000000	      1.269015
5.977400	    101.000000	      1.215632
5.989750	     90.000000	      1.078774
6.002100	     87.000000	      1.038528
6.014450	    106.000000	      1.260142
6.026800	     96.000000	      1.136588
6.039150	    106.000000	      1.249855
6.051500	     86.000000	      1.009899
6.063850	     91.000000	      1.064265
6.076200	    106.000000	      1.234660
6.088550	     98.000000	      1.136852
6.100900	     90.000000	      1.039825
6.113250	     87.000000	      1.001107
6.125600	    101.000000	      1.157523
6.137950	     90.000000	      1.027310
6.150300	     96.000000	      1.091400
6.162650	    103.000000	      1.166293
6.175000	    110.000000	      1.240578
6.187350	    108.000000	      1.213165
6.199700	    112.000000	      1.253090
6.212050	    107.000000	      1.192393
6.224400	    101.000000	      1.121068
6.236750	     76.000000	      0.840238
6.249100	    106.000000	      1.167284
6.261450	    103.000000	      1.129777
6.273800	     97.000000	      1.059780
6.286150	    120.000000	      1.305922
6.298500	     95.000000	      1.029805
6.310850	     97.000000	      1.047373
6.323200	    113.000000	      1.215374
6.335550	    115.000000	      1.232068
6.347900	    111.000000	      1.184591
6.360250	    104.000000	      1.105581
6.372600	     99.000000	      1.048353
6.384950	    102.000000	      1.075946
6.397300	     97.000000	      1.019257
6.409650	    102.000000	      1.067670
6.422000	     82.000000	      0.855025
6.434350	    123.000000	      1.277619
6.446700	    105.000000	      1.086475
6.459050	     96.000000	      0.989554
6.471400	    103.000000	      1.057660
6.483750	    103.000000	      1.053635
6.496100	    114.000000	      1.161729
6.508450	    112.000000	      1.137021
6.520800	    108.000000	      1.092264
6.533150	     96.000000	      0.967234
6.545500	     98.000000	      0.983662
6.557850	     94.000000	      0.939962
6.570200	    131.000000	      1.305027
6.582550	    115.000000	      1.141340
6.594900	    115.000000	      1.137069
6.607250	    113.000000	      1.113121
6.619600	    102.000000	      1.001019
6.631950	    110.000000	      1.075513
6.644300	    104.000000	      1.013072
6.656650	    118.000000	      1.145186
6.669000	    100.000000	      0.966906
6.681350	    111.000000	      1.069301
6.693700	    111.000000	      1.065359
6.706050	    103.000000	      0.984939
6.718400	     92.000000	      0.876520
6.730750	     94.000000	      0.892291
6.743100	     98.000000	      0.926856
6.755450	     96.000000	      0.904624
6.767800	    120.000000	      1.126657
6.780150	    111.000000	      1.038365
6.792500	    126.000000	      1.174402
6.804850	    119.000000	      1.105135
6.817200	     81.000000	      0.749512
6.829550	    102.000000	      0.940419
6.841900	    112.000000	      1.028893
6.854250	    109.000000	      0.997728
6.866600	     98.000000	      0.893816
6.878950	    103.000000	      0.936049
6.891300	    119.000000	      1.077582
6.903650	    119.000000	      1.073730
6.916000	     91.000000	      0.818157
6.928350	    105.000000	      0.940665
6.940700	     91.000000	      0.812345
6.953050	     91.000000	      0.809461
6.965400	    100.000000	      0.886367
6.977750	    109.000000	      0.962723
6.990100	    109.000000	      0.959324
7.002450	    114.000000	      0.999793
7.014800	    103.000000	      0.900144
7.027150	    106.000000	      0.923109
7.039500	     94.000000	      0.815736
7.051850	    116.000000	      1.003130
7.064200	     94.000000	      0.810042
7.076550	    117.000000	      1.004727
7.088900	    129.000000	      1.103920
7.101250	    126.000000	      1.074500
7.113600	    114.000000	      0.968794
7.125950	    122.000000	      1.033189
7.138300	    114.000000	      0.962101
7.150650	    112.000000	      0.941960
7.163000	    104.000000	      0.871664
7.175350	    111.000000	      0.927134
7.187700	    106.000000	      0.882331
7.200050	     97.000000	      0.804648
7.212400	    107.000000	      0.884565
7.224750	     90.000000	      0.741485
7.237100	     99.000000	      0.812852
7.249450	    107.000000	      0.875546
7.261800	     94.000000	      0.766558
7.274150	     98.000000	      0.796466
7.286500	    101.000000	      0.818067
7.298850	    105.000000	      0.847590
7.311200	    132.000000	      1.061945
7.323550	    107.000000	      0.857918
7.335900	    122.000000	      0.974897
7.348250	    132.000000	      1.051263
7.360600	    101.000000	      0.801679
7.372950	    112.000000	      0.886015
7.385300	    146.000000	      1.151124
7.397650	    122.000000	      0.958689
7.410000	    126.000000	      0.986824
7.422350	    122.000000	      0.952319
7.434700	    119.000000	      0.925818
7.447050	    115.000000	      0.891733
7.459400	    101.000000	      0.780583
7.471750	    131.000000	      1.009095
7.484100	    146.000000	      1.120932
7.496450	    116.000000	      0.887671
7.508800	    122.000000	      0.930517
7.521150	    102.000000	      0.775420
7.533500	    116.000000	      0.878962
7.545850	    122.000000	      0.921402
7.558200	    140.000000	      1.053894
7.570550	    126.000000	      0.945412
7.582900	    132.000000	      0.987208
7.595250	    104.000000	      0.775273
7.607600	    122.000000	      0.906505
7.619950	    135.000000	      0.999850
7.632300	    134.000000	      0.989235
7.644650	    139.000000	      1.022834
7.657000	    126.000000	      0.924185
7.669350	    118.000000	      0.862721
7.681700	    115.000000	      0.838086
7.694050	    113.000000	      0.820869
7.706400	    151.000000	      1.093401
7.718750	    150.000000	      1.082687
7.731100	    127.000000	      0.913748
7.743450	    140.000000	      1.004071
7.755800	    140.000000	      1.000876
7.768150	    162.000000	      1.154477
7.780500	    143.000000	      1.015843
7.792850	    133.000000	      0.941813
7.805200	    127.000000	      0.896481
7.817550	    121.000000	      0.851431
7.829900	    133.000000	      0.932921
7.842250	    154.000000	      1.076824
7.854600	    145.000000	      1.010707
7.866950	    139.000000	      0.965845
7.879300	    143.000000	      0.990527
7.891650	    139.000000	      0.959809
7.904000	    141.000000	      0.970579
7.916350	    140.000000	      0.960691
7.928700	    149.000000	      1.019267
7.941050	    141.000000	      0.961543
7.953400	    149.000000	      1.012946
7.965750	    144.000000	      0.975921
7.978100	    146.000000	      0.986414
7.990450	    145.000000	      0.976632
8.002800	    140.000000	      0.940047
8.015150	    152.000000	      1.017480
8.027500	    149.000000	      0.994331
8.039850	    158.000000	      1.051155
8.052200	    166.000000	      1.100993
8.064550	    135.000000	      0.892645
8.076900	    136.000000	      0.896510
8.089250	    148.000000	      0.972637
8.101600	    149.000000	      0.976226
8.113950	    155.000000	      1.012448
8.126300	    161.000000	      1.048445
8.138650	    166.000000	      1.077727
8.151000	    150.000000	      0.970901
8.163350	    176.000000	      1.135746
8.175700	    149.000000	      0.958610
8.188050	    170.000000	      1.090419
8.200400	    183.000000	      1.170271
8.212750	    165.000000	      1.051991
8.225100	    149.000000	      0.947130
8.237450	    181.000000	      1.147093
8.249800	    164.000000	      1.036245
8.262150	    174.000000	      1.096146
8.274500	    156.000000	      0.979821
8.286850	    158.000000	      0.989427
8.299200	    161.000000	      1.005215
8.311550	    148.000000	      0.921304
8.323900	    158.000000	      0.980638
8.336250	    172.000000	      1.064370
8.348600	    191.000000	      1.178451
8.360950	    171.000000	      1.051938
8.373300	    161.000000	      0.987502
8.385650	    187.000000	      1.143599
8.398000	    154.000000	      0.939019
8.410350	    167.000000	      1.015299
8.422700	    194.000000	      1.175993
8.435050	    176.000000	      1.063758
8.447400	    166.000000	      1.000386
8.459750	    146.000000	      0.877290
8.472100	    206.000000	      1.234214
8.484450	    204.000000	      1.218676
8.496800	    195.000000	      1.161527
8.509150	    177.000000	      1.051251
8.521500	    178.000000	      1.054128
8.533850	    177.000000	      1.045174
8.546200	    164.000000	      0.965613
8.558550	    183.000000	      1.074376
8.570900	    187.000000	      1.094698
8.583250	    178.000000	      1.039015
8.595600	    171.000000	      0.995289
8.607950	    199.000000	      1.154939
8.620300	    189.000000	      1.093761
8.632650	    197.000000	      1.136798
8.645000	    180.000000	      1.035733
8.657350	    206.000000	      1.181960
8.669700	    165.000000	      0.944020
8.682050	    171.000000	      0.975567
8.694400	    207.000000	      1.177597
8.706750	    170.000000	      0.964367
8.719100	    151.000000	      0.854160
8.731450	    194.000000	      1.094295
8.743800	    166.000000	      0.933712
8.756150	    177.000000	      0.992779
8.768500	    200.000000	      1.118626
8.780850	    201.000000	      1.121059
8.793200	    193.000000	      1.073418
8.805550	    164.000000	      0.909570
8.817900	    198.000000	      1.095066
8.830250	    193.000000	      1.064429
8.842600	    177.000000	      0.973462
8.854950	    175.000000	      0.959779
8.867300	    197.000000	      1.077430
8.879650	    212.000000	      1.156244
8.892000	    181.000000	      0.984431
8.904350	    186.000000	      1.008821
8.916700	    186.000000	      1.006028
8.929050	    201.000000	      1.084154
8.941400	    178.000000	      0.957446
8.953750	    184.000000	      0.986991
8.966100	    195.000000	      1.043117
8.978450	    192.000000	      1.024245
8.990800	    200.000000	      1.063993
9.003150	    179.000000	      0.949663
9.015500	    193.000000	      1.021135
9.027850	    207.000000	      1.092213
9.040200	    187.000000	      0.983991
9.052550	    176.000000	      0.923584
9.064900	    176.000000	      0.921069
9.077250	    190.000000	      0.991632
9.089600	    204.000000	      1.061808
9.101950	    197.000000	      1.022593
9.114300	    215.000000	      1.113005
9.126650	    208.000000	      1.073856
9.139000	    196.000000	      1.009170
9.151350	    217.000000	      1.114281
9.163700	    184.000000	      0.942283
9.176050	    178.000000	      0.909105
9.188400	    196.000000	      0.998348
9.200750	    190.000000	      0.965190
9.213100	    194.000000	      0.982869
9.225450	    189.000000	      0.954975
9.237800	    192.000000	      0.967542
9.250150	    199.000000	      1.000140
9.262500	    182.000000	      0.912264
9.274850	    233.000000	      1.164790
9.287200	    204.000000	      1.017106
9.299550	    190.000000	      0.944790
9.311900	    209.000000	      1.036514
9.324250	    188.000000	      0.929898
9.336600	    202.000000	      0.996505
9.348950	    228.000000	      1.121798
9.361300	    186.000000	      0.912738
9.373650	    201.000000	      0.983748
9.386000	    188.000000	      0.917703
9.398350	    171.000000	      0.832527
9.410700	    205.000000	      0.995441
9.423050	    175.000000	      0.847541
9.435400	    181.000000	      0.874306
9.447750	    212.000000	      1.021373
9.460100	    192.000000	      0.922604
9.472450	    213.000000	      1.020847
9.484800	    212.000000	      1.013410
9.497150	    204.000000	      0.972633
9.509500	    195.000000	      0.927310
9.521850	    207.000000	      0.981823
9.534200	    228.000000	      1.078628
9.546550	    205.000000	      0.967312
9.558900	    209.000000	      0.983639
9.571250	    216.000000	      1.013963
9.583600	    218.000000	      1.020715
9.595950	    204.000000	      0.952708
9.608300	    192.000000	      0.894363
9.620650	    210.000000	      0.975699
9.633000	    202.000000	      0.936125
9.645350	    211.000000	      0.975331
9.657700	    208.000000	      0.959006
9.670050	    202.000000	      0.928965
9.682400	    233.000000	      1.068797
9.694750	    210.000000	      0.960841
9.707100	    211.000000	      0.962962
9.719450	    224.000000	      1.019695
9.731800	    224.000000	      1.017108
9.744150	    208.000000	      0.942065
9.756500	    193.000000	      0.871916
9.768850	    187.000000	      0.842675
9.781200	    195.000000	      0.876508
9.793550	    203.000000	      0.910167
9.805900	    217.000000	      0.970488
9.818250	    254.000000	      1.133107
9.830600	    220.000000	      0.978967
9.842950	    222.000000	      0.985389
9.855300	    209.000000	      0.925363
9.867650	    242.000000	      1.068792
9.880000	    225.000000	      0.991229
9.892350	    232.000000	      1.019517
9.904700	    228.000000	      0.999442
9.917050	    229.000000	      1.001327
9.929400	    225.000000	      0.981391
9.941750	    202.000000	      0.878883
9.954100	    231.000000	      1.002567
9.966450	    243.000000	      1.052036
9.978800	    195.000000	      0.842138
9.991150	    210.000000	      0.904678
10.003500	    218.000000	      0.936824
10.015850	    249.000000	      1.067405
10.028200	    233.000000	      0.996358
10.040550	    225.000000	      0.959783
10.052900	    220.000000	      0.936150
10.065250	    258.000000	      1.095156
10.077600	    238.000000	      1.007786
10.089950	    240.000000	      1.013768
10.102300	    242.000000	      1.019719
10.114650	    244.000000	      1.025637
10.127000	    236.000000	      0.989591
10.139350	    253.000000	      1.058293
10.151700	    230.000000	      0.959745
10.164050	    239.000000	      0.994878
10.176400	    247.000000	      1.025685
10.188750	    245.000000	      1.014915
10.201100	    248.000000	      1.024857
10.213450	    231.000000	      0.952297
10.225800	    228.000000	      0.937661
10.238150	    237.000000	      0.972324
10.250500	    215.000000	      0.879942
10.262850	    214.000000	      0.873742
10.275200	    263.000000	      1.071225
10.287550	    220.000000	      0.893932
10.299900	    239.000000	      0.968807
10.312250	    269.000000	      1.087805
10.324600	    247.000000	      0.996451
10.336950	    238.000000	      0.957850
10.349300	    268.000000	      1.076015
10.361650	    248.000000	      0.993343
10.374000	    280.000000	      1.118848
10.386350	    232.000000	      0.924842
10.398700	    249.000000	      0.990254
10.411050	    251.000000	      0.995841
10.423400	    251.000000	      0.993483
10.435750	    254.000000	      1.002979
10.448100	    276.000000	      1.087276
10.460450	    239.000000	      0.939296
10.472800	    269.000000	      1.054708
10.485150	    262.000000	      1.024843
10.497500	    265.000000	      1.034141
10.509850	    265.000000	      1.031712
10.522200	    233.000000	      0.904999
10.534550	    274.000000	      1.061754
10.546900	    264.000000	      1.020610
10.559250	    292.000000	      1.126217
10.571600	    262.000000	      1.008150
10.583950	    249.000000	      0.955893
10.596300	    250.000000	      0.957496
10.608650	    259.000000	      0.989658
10.621000	    258.000000	      0.983545
10.633350	    273.000000	      1.038312
10.645700	    258.000000	      0.978987
10.658050	    250.000000	      0.946433
10.670400	    280.000000	      1.057553
10.682750	    284.000000	      1.070182
10.695100	    268.000000	      1.007559
10.707450	    263.000000	      0.986482
10.719800	    277.000000	      1.036602
10.732150	    260.000000	      0.970745
10.744500	    339.000000	      1.262795
10.756850	    274.000000	      1.018324
10.769200	    285.000000	      1.056777
10.781550	    261.000000	      0.965570
10.793900	    266.000000	      0.981817
10.806250	    257.000000	      0.946430
10.818600	    267.000000	      0.981013
10.830950	    281.000000	      1.030098
10.843300	    292.000000	      1.067986
10.855650	    285.000000	      1.040013
10.868000	    312.000000	      1.135954
10.880350	    273.000000	      0.991705
10.892700	    293.000000	      1.061945
10.905050	    278.000000	      1.005298
10.917400	    299.000000	      1.078793
10.929750	    285.000000	      1.025959
10.942100	    266.000000	      0.955401
10.954450	    254.000000	      0.910244
10.966800	    247.000000	      0.883167
10.979150	    295.000000	      1.052422
10.991500	    290.000000	      1.032261
11.003850	    282.000000	      1.001533
11.016200	    259.000000	      0.917786
11.028550	    307.000000	      1.085443
11.040900	    298.000000	      1.051266
11.053250	    292.000000	      1.027799
11.065600	    289.000000	      1.014970
11.077950	    300.000000	      1.051255
11.090300	    273.000000	      0.954512
11.102650	    289.000000	      1.008208
11.115000	    268.000000	      0.932870
11.127350	    301.000000	      1.045414
11.139700	    312.000000	      1.081218
11.152050	    291.000000	      1.006211
11.164400	    297.000000	      1.024687
11.176750	    301.000000	      1.036194
11.189100	    279.000000	      0.958339
11.201450	    288.000000	      0.987073
11.213800	    309.000000	      1.056716
11.226150	    295.000000	      1.006621
11.238500	    314.000000	      1.069100
11.250850	    274.000000	      0.930862
11.263200	    292.000000	      0.989839
11.275550	    321.000000	      1.085763
11.287900	    272.000000	      0.918011
11.300250	    292.000000	      0.983359
11.312600	    290.000000	      0.974493
11.324950	    302.000000	      1.012604
11.337300	    310.000000	      1.037165
11.349650	    292.000000	      0.974818
11.362000	    314.000000	      1.045985
11.374350	    313.000000	      1.040391
11.386700	    293.000000	      0.971801
11.399050	    299.000000	      0.989554
11.411400	    315.000000	      1.040251
11.423750	    303.000000	      0.998460
11.436100	    329.000000	      1.081796
11.448450	    290.000000	      0.951503
11.460800	    325.000000	      1.064043
11.473150	    308.000000	      1.006215
11.485500	    301.000000	      0.981233
11.497850	    299.000000	      0.972620
11.510200	    310.000000	      1.006240
11.522550	    304.000000	      0.984650
11.534900	    310.000000	      1.001935
11.547250	    292.000000	      0.941740
11.559600	    306.000000	      0.984785
11.571950	    314.000000	      1.008375
11.584300	    291.000000	      0.932522
11.596650	    304.000000	      0.972107
11.609000	    313.000000	      0.998758
11.621350	    331.000000	      1.053951
11.633700	    332.000000	      1.054892
11.646050	    312.000000	      0.989243
11.658400	    309.000000	      0.977656
11.670750	    295.000000	      0.931387
11.683100	    323.000000	      1.017634
11.695450	    331.000000	      1.040638
11.707800	    318.000000	      0.997659
11.720150	    307.000000	      0.961120
11.732500	    298.000000	      0.930981
11.744850	    287.000000	      0.894731
11.757200	    323.000000	      1.004848
11.769550	    324.000000	      1.005844
11.781900	    357.000000	      1.105969
11.794250	    334.000000	      1.032550
11.806600	    350.000000	      1.079752
11.818950	    286.000000	      0.880468
11.831300	    315.000000	      0.967723
11.843650	    334.000000	      1.023955
11.856000	    301.000000	      0.920864
11.868350	    338.000000	      1.031909
11.880700	    301.000000	      0.917039
11.893050	    320.000000	      0.972902
11.905400	    336.000000	      1.019429
11.917750	    338.000000	      1.023372
11.930100	    350.000000	      1.057512
11.942450	    296.000000	      0.892504
11.954800	    325.000000	      0.977922
11.967150	    338.000000	      1.014941
11.979500	    327.000000	      0.979887
11.991850	    317.000000	      0.947965
12.004200	    347.000000	      1.035544
12.016550	    295.000000	      0.878553
12.028900	    312.000000	      0.927274
12.041250	    337.000000	      0.999522
12.053600	    282.000000	      0.834682
12.065950	    351.000000	      1.036787
12.078300	    337.000000	      0.993399
12.090650	    342.000000	      1.006079
12.103000	    310.000000	      0.910083
12.115350	    325.000000	      0.952175
12.127700	    325.000000	      0.950237
12.140050	    312.000000	      0.910373
12.152400	    342.000000	      0.995881
12.164750	    352.000000	      1.022920
12.177100	    348.000000	      1.009246
12.189450	    316.000000	      0.914586
12.201800	    332.000000	      0.958950
12.214150	    345.000000	      0.994485
12.226500	    320.000000	      0.920558
12.238850	    350.000000	      1.004829
12.251200	    341.000000	      0.977018
12.263550	    317.000000	      0.906426
12.275900	    348.000000	      0.993066
12.288250	    363.000000	      1.033789
12.300600	    328.000000	      0.932238
12.312950	    376.000000	      1.066520
12.325300	    386.000000	      1.092692
12.337650	    373.000000	      1.053779
