# Number of particles =            512
# Box side            =          8.445
# Time step           =      2.000E-03
#
#     Step          Epot          Temp          Ekin          Etot
#-----------------------------------------------------------------
        20 -1.282833E+03  4.079587E+00  3.133123E+03  1.850290E+03
        40 -1.268381E+03  4.060775E+00  3.118675E+03  1.850294E+03
        60 -1.338994E+03  4.152290E+00  3.188958E+03  1.849964E+03
        80 -1.251119E+03  4.038258E+00  3.101382E+03  1.850263E+03
       100 -1.255689E+03  4.044000E+00  3.105792E+03  1.850103E+03
       120 -1.393452E+03  4.223601E+00  3.243726E+03  1.850274E+03
       140 -1.359012E+03  4.178888E+00  3.209386E+03  1.850373E+03
       160 -1.206410E+03  3.980092E+00  3.056710E+03  1.850300E+03
       180 -1.367257E+03  4.189377E+00  3.217441E+03  1.850185E+03
       200 -1.267715E+03  4.059764E+00  3.117899E+03  1.850184E+03
       220 -1.281888E+03  4.077954E+00  3.131869E+03  1.849981E+03
       240 -1.249319E+03  4.035906E+00  3.099576E+03  1.850257E+03
       260 -1.369389E+03  4.192316E+00  3.219699E+03  1.850310E+03
       280 -1.381372E+03  4.207926E+00  3.231687E+03  1.850315E+03
       300 -1.409311E+03  4.244123E+00  3.259486E+03  1.850175E+03
       320 -1.371572E+03  4.195111E+00  3.221845E+03  1.850273E+03
       340 -1.329767E+03  4.140614E+00  3.179992E+03  1.850224E+03
       360 -1.144616E+03  3.899675E+00  2.994950E+03  1.850335E+03
       380 -1.329978E+03  4.140687E+00  3.180048E+03  1.850070E+03
       400 -1.326000E+03  4.135497E+00  3.176061E+03  1.850061E+03
       420 -1.283843E+03  4.080675E+00  3.133959E+03  1.850115E+03
       440 -1.272639E+03  4.066526E+00  3.123092E+03  1.850453E+03
       460 -1.379741E+03  4.205703E+00  3.229980E+03  1.850239E+03
       480 -1.193301E+03  3.962915E+00  3.043518E+03  1.850217E+03
       500 -1.263963E+03  4.054970E+00  3.114217E+03  1.850254E+03
       520 -1.220857E+03  3.998737E+00  3.071030E+03  1.850173E+03
       540 -1.221321E+03  3.999435E+00  3.071566E+03  1.850245E+03
       560 -1.294490E+03  4.094571E+00  3.144630E+03  1.850140E+03
       580 -1.357315E+03  4.176274E+00  3.207378E+03  1.850064E+03
       600 -1.334873E+03  4.147179E+00  3.185034E+03  1.850160E+03
       620 -1.252509E+03  4.040140E+00  3.102827E+03  1.850318E+03
       640 -1.286221E+03  4.084071E+00  3.136567E+03  1.850346E+03
       660 -1.241654E+03  4.025980E+00  3.091953E+03  1.850298E+03
       680 -1.337294E+03  4.150481E+00  3.187570E+03  1.850276E+03
       700 -1.238348E+03  4.021662E+00  3.088637E+03  1.850288E+03
       720 -1.210089E+03  3.984830E+00  3.060349E+03  1.850260E+03
       740 -1.205674E+03  3.978971E+00  3.055850E+03  1.850175E+03
       760 -1.307806E+03  4.111828E+00  3.157884E+03  1.850078E+03
       780 -1.263794E+03  4.054742E+00  3.114041E+03  1.850247E+03
       800 -1.235040E+03  4.017262E+00  3.085257E+03  1.850218E+03
       820 -1.427427E+03  4.267632E+00  3.277541E+03  1.850114E+03
       840 -1.393229E+03  4.222909E+00  3.243194E+03  1.849965E+03
       860 -1.256864E+03  4.045691E+00  3.107091E+03  1.850227E+03
       880 -1.295730E+03  4.096203E+00  3.145884E+03  1.850154E+03
       900 -1.259766E+03  4.049755E+00  3.110212E+03  1.850446E+03
       920 -1.262408E+03  4.052922E+00  3.112644E+03  1.850236E+03
       940 -1.318568E+03  4.126203E+00  3.168924E+03  1.850356E+03
       960 -1.404214E+03  4.237666E+00  3.254528E+03  1.850314E+03
       980 -1.164320E+03  3.925322E+00  3.014648E+03  1.850327E+03
      1000 -1.337660E+03  4.150964E+00  3.187941E+03  1.850280E+03
      1020 -1.296502E+03  4.097231E+00  3.146673E+03  1.850172E+03
      1040 -1.307972E+03  4.112118E+00  3.158106E+03  1.850134E+03
      1060 -1.346489E+03  4.162518E+00  3.196813E+03  1.850324E+03
      1080 -1.381927E+03  4.208310E+00  3.231982E+03  1.850055E+03
      1100 -1.229854E+03  4.010592E+00  3.080135E+03  1.850281E+03
      1120 -1.227835E+03  4.008105E+00  3.078224E+03  1.850389E+03
      1140 -1.312144E+03  4.117681E+00  3.162379E+03  1.850235E+03
      1160 -1.278322E+03  4.073657E+00  3.128568E+03  1.850246E+03
      1180 -1.229682E+03  4.010160E+00  3.079803E+03  1.850121E+03
      1200 -1.309536E+03  4.114274E+00  3.159762E+03  1.850227E+03
      1220 -1.339487E+03  4.153046E+00  3.189539E+03  1.850052E+03
      1240 -1.350233E+03  4.167207E+00  3.200415E+03  1.850182E+03
      1260 -1.346924E+03  4.162705E+00  3.196957E+03  1.850033E+03
      1280 -1.252597E+03  4.040127E+00  3.102818E+03  1.850221E+03
      1300 -1.296007E+03  4.096832E+00  3.146367E+03  1.850359E+03
      1320 -1.347391E+03  4.163792E+00  3.197793E+03  1.850401E+03
      1340 -1.352024E+03  4.169764E+00  3.202379E+03  1.850354E+03
      1360 -1.307975E+03  4.112417E+00  3.158336E+03  1.850361E+03
      1380 -1.302368E+03  4.105053E+00  3.152681E+03  1.850312E+03
      1400 -1.318539E+03  4.126176E+00  3.168903E+03  1.850365E+03
      1420 -1.347941E+03  4.164253E+00  3.198146E+03  1.850205E+03
      1440 -1.296784E+03  4.097484E+00  3.146867E+03  1.850083E+03
      1460 -1.298714E+03  4.100203E+00  3.148956E+03  1.850242E+03
      1480 -1.281244E+03  4.077322E+00  3.131383E+03  1.850140E+03
      1500 -1.269647E+03  4.062493E+00  3.119995E+03  1.850348E+03
      1520 -1.382936E+03  4.209718E+00  3.233064E+03  1.850128E+03
      1540 -1.256243E+03  4.045146E+00  3.106672E+03  1.850430E+03
      1560 -1.169490E+03  3.932142E+00  3.019885E+03  1.850395E+03
      1580 -1.300931E+03  4.103306E+00  3.151339E+03  1.850408E+03
      1600 -1.344108E+03  4.159151E+00  3.194228E+03  1.850120E+03
      1620 -1.269780E+03  4.062568E+00  3.120052E+03  1.850272E+03
      1640 -1.292535E+03  4.092313E+00  3.142896E+03  1.850361E+03
      1660 -1.377841E+03  4.203213E+00  3.228067E+03  1.850226E+03
      1680 -1.388991E+03  4.217771E+00  3.239248E+03  1.850257E+03
      1700 -1.340464E+03  4.154512E+00  3.190665E+03  1.850201E+03
      1720 -1.347335E+03  4.163471E+00  3.197546E+03  1.850210E+03
      1740 -1.272962E+03  4.066512E+00  3.123081E+03  1.850120E+03
      1760 -1.309389E+03  4.114037E+00  3.159580E+03  1.850192E+03
      1780 -1.229097E+03  4.009628E+00  3.079395E+03  1.850298E+03
      1800 -1.324149E+03  4.133412E+00  3.174460E+03  1.850311E+03
      1820 -1.487006E+03  4.345368E+00  3.337243E+03  1.850237E+03
      1840 -1.272260E+03  4.066006E+00  3.122692E+03  1.850433E+03
      1860 -1.254904E+03  4.043314E+00  3.105265E+03  1.850361E+03
      1880 -1.286067E+03  4.083762E+00  3.136329E+03  1.850262E+03
      1900 -1.282461E+03  4.079213E+00  3.132835E+03  1.850374E+03
      1920 -1.158288E+03  3.917228E+00  3.008431E+03  1.850143E+03
      1940 -1.244716E+03  4.029984E+00  3.095028E+03  1.850312E+03
      1960 -1.275590E+03  4.070259E+00  3.125959E+03  1.850369E+03
      1980 -1.237254E+03  4.020411E+00  3.087676E+03  1.850422E+03
      2000 -1.371211E+03  4.194744E+00  3.221564E+03  1.850353E+03
